<html>
<head>
<title>TestNG:  Step 3 - Contact Us Form</title>
<link href="../testng.css" rel="stylesheet" type="text/css" />
<link href="../my-testng.css" rel="stylesheet" type="text/css" />

<style type="text/css">
.log { display: none;} 
.stack-trace { display: none;} 
</style>
<script type="text/javascript">
<!--
function flip(e) {
  current = e.style.display;
  if (current == 'block') {
    e.style.display = 'none';
    return 0;
  }
  else {
    e.style.display = 'block';
    return 1;
  }
}

function toggleBox(szDivId, elem, msg1, msg2)
{
  var res = -1;  if (document.getElementById) {
    res = flip(document.getElementById(szDivId));
  }
  else if (document.all) {
    // this is the way old msie versions work
    res = flip(document.all[szDivId]);
  }
  if(elem) {
    if(res == 0) elem.innerHTML = msg1; else elem.innerHTML = msg2;
  }

}

function toggleAllBoxes() {
  if (document.getElementsByTagName) {
    d = document.getElementsByTagName('div');
    for (i = 0; i < d.length; i++) {
      if (d[i].className == 'log') {
        flip(d[i]);
      }
    }
  }
}

// -->
</script>

</head>
<body>
<h2 align='center'>Step 3 - Contact Us Form</h2><table border='1' align="center">
<tr>
<td>Tests passed/Failed/Skipped:</td><td>6/1/0</td>
</tr><tr>
<td>Started on:</td><td>Mon Mar 17 19:29:04 IST 2025</td>
</tr>
<tr><td>Total time:</td><td>112 seconds (112936 ms)</td>
</tr><tr>
<td>Included groups:</td><td></td>
</tr><tr>
<td>Excluded groups:</td><td></td>
</tr>
</table><p/>
<small><i>(Hover the method name to see the test class name)</i></small><p/>
<table width='100%' border='1' class='invocation-failed'>
<tr><td colspan='4' align='center'><b>FAILED TESTS</b></td></tr>
<tr><td><b>Test method</b></td>
<td width="30%"><b>Exception</b></td>
<td width="10%"><b>Time (seconds)</b></td>
<td><b>Instance</b></td>
</tr>
<tr>
<td title='com.ecommerce.runners.UserActionsTestRunner.runScenario()'><b>runScenario</b><br>Test class: com.ecommerce.runners.UserActionsTestRunner<br>Test method: Runs Cucumber Scenarios<br>Parameters: "Verify Scroll Up using Arrow button and Scroll Down functionality # TC 25", "User Actions"</td>
<td><div><pre>org.openqa.selenium.ElementClickInterceptedException: element click intercepted: Element &lt;a id=&quot;scrollUp&quot; href=&quot;#top&quot; style=&quot;position: fixed; z-index: 2147483647;&quot;&gt;...&lt;/a&gt; is not clickable at point (1489, 657). Other element would receive the click: &lt;div id=&quot;aswift_3_host&quot; style=&quot;border: none !important; height: 90px !important; width: 100% !important; margin: 0px !important; padding: 0px !important; position: relative !important; visibility: visible !important; background-color: transparent !important; display: inline-block !important; inset: auto !important; clear: none !important; float: none !important; max-height: none !important; max-width: none !important; opacity: 1 !important; overflow: visible !important; vertical-align: baseline !important; z-index: auto !important;&quot;&gt;...&lt;/div&gt;
  (Session info: chrome=134.0.6998.89)
Build info: version: &apos;4.29.0&apos;, revision: &apos;5fc1ec94cb&apos;
System info: os.name: &apos;Windows 11&apos;, os.arch: &apos;amd64&apos;, os.version: &apos;10.0&apos;, java.version: &apos;22.0.2&apos;
Driver info: org.openqa.selenium.chrome.ChromeDriver
Command: [09a03c0893fd80403fcd81e8a340e94a, clickElement {id=f.65C8E751050A54B02B26CF8EE05C2E28.d.6DFC3E52E77143ACB53BF21B0D55C02E.e.29}]
Capabilities {acceptInsecureCerts: false, browserName: chrome, browserVersion: 134.0.6998.89, chrome: {chromedriverVersion: 134.0.6998.88 (7e3d5c978c6d..., userDataDir: C:\Users\ASUS\AppData\Local...}, fedcm:accounts: true, goog:chromeOptions: {debuggerAddress: localhost:60162}, networkConnectionEnabled: false, pageLoadStrategy: normal, platformName: windows, proxy: Proxy(), se:cdp: ws://localhost:60162/devtoo..., se:cdpVersion: 134.0.6998.89, setWindowRect: true, strictFileInteractability: false, timeouts: {implicit: 0, pageLoad: 300000, script: 30000}, unhandledPromptBehavior: dismiss and notify, webauthn:extension:credBlob: true, webauthn:extension:largeBlob: true, webauthn:extension:minPinLength: true, webauthn:extension:prf: true, webauthn:virtualAuthenticators: true}
Element: [[ChromeDriver: chrome on windows (09a03c0893fd80403fcd81e8a340e94a)] -&gt; id: scrollUp]
Session ID: 09a03c0893fd80403fcd81e8a340e94a
	at org.openqa.selenium.remote.ErrorCodec.decode(ErrorCodec.java:167)
	at org.openqa.selenium.remote.codec.w3c.W3CHttpResponseCodec.decode(W3CHttpResponseCodec.java:138)
	at org.openqa.selenium.remote.codec.w3c.W3CHttpResponseCodec.decode(W3CHttpResponseCodec.java:50)
	at org.openqa.selenium.remote.HttpCommandExecutor.execute(HttpCommandExecutor.java:215)
	at org.openqa.selenium.remote.service.DriverCommandExecutor.invokeExecute(DriverCommandExecutor.java:216)
	at org.openqa.selenium.remote.service.DriverCommandExecutor.execute(DriverCommandExecutor.java:174)
	at org.openqa.selenium.remote.RemoteWebDriver.execute(RemoteWebDriver.java:545)
	at org.openqa.selenium.remote.RemoteWebElement.execute(RemoteWebElement.java:223)
	at org.openqa.selenium.remote.RemoteWebElement.click(RemoteWebElement.java:76)
	at com.ecommerce.pages.UserActionsPage.clickScrollUpButton(UserActionsPage.java:217)
	at com.ecommerce.stepDefinitions.UserActionsSteps.user_clicks_scroll_up_button(UserActionsSteps.java:235)
	at ✽.User clicks Scroll Up button(file:///C:/Users/ASUS/eclipse-workspace/PROJECT/EcommerceAutomation/src/test/resources/features/UserActions.feature:52)
... Removed 3 stack frames</pre></div><a href='#' onClick='toggleBox("stack-trace540775740", this, "Click to show all stack frames", "Click to hide stack frames")'>Click to show all stack frames</a>
<div class='stack-trace' id='stack-trace540775740'><pre>org.openqa.selenium.ElementClickInterceptedException: element click intercepted: Element &lt;a id=&quot;scrollUp&quot; href=&quot;#top&quot; style=&quot;position: fixed; z-index: 2147483647;&quot;&gt;...&lt;/a&gt; is not clickable at point (1489, 657). Other element would receive the click: &lt;div id=&quot;aswift_3_host&quot; style=&quot;border: none !important; height: 90px !important; width: 100% !important; margin: 0px !important; padding: 0px !important; position: relative !important; visibility: visible !important; background-color: transparent !important; display: inline-block !important; inset: auto !important; clear: none !important; float: none !important; max-height: none !important; max-width: none !important; opacity: 1 !important; overflow: visible !important; vertical-align: baseline !important; z-index: auto !important;&quot;&gt;...&lt;/div&gt;
  (Session info: chrome=134.0.6998.89)
Build info: version: &apos;4.29.0&apos;, revision: &apos;5fc1ec94cb&apos;
System info: os.name: &apos;Windows 11&apos;, os.arch: &apos;amd64&apos;, os.version: &apos;10.0&apos;, java.version: &apos;22.0.2&apos;
Driver info: org.openqa.selenium.chrome.ChromeDriver
Command: [09a03c0893fd80403fcd81e8a340e94a, clickElement {id=f.65C8E751050A54B02B26CF8EE05C2E28.d.6DFC3E52E77143ACB53BF21B0D55C02E.e.29}]
Capabilities {acceptInsecureCerts: false, browserName: chrome, browserVersion: 134.0.6998.89, chrome: {chromedriverVersion: 134.0.6998.88 (7e3d5c978c6d..., userDataDir: C:\Users\ASUS\AppData\Local...}, fedcm:accounts: true, goog:chromeOptions: {debuggerAddress: localhost:60162}, networkConnectionEnabled: false, pageLoadStrategy: normal, platformName: windows, proxy: Proxy(), se:cdp: ws://localhost:60162/devtoo..., se:cdpVersion: 134.0.6998.89, setWindowRect: true, strictFileInteractability: false, timeouts: {implicit: 0, pageLoad: 300000, script: 30000}, unhandledPromptBehavior: dismiss and notify, webauthn:extension:credBlob: true, webauthn:extension:largeBlob: true, webauthn:extension:minPinLength: true, webauthn:extension:prf: true, webauthn:virtualAuthenticators: true}
Element: [[ChromeDriver: chrome on windows (09a03c0893fd80403fcd81e8a340e94a)] -&gt; id: scrollUp]
Session ID: 09a03c0893fd80403fcd81e8a340e94a
	at java.base/jdk.internal.reflect.DirectConstructorHandleAccessor.newInstance(DirectConstructorHandleAccessor.java:62)
	at java.base/java.lang.reflect.Constructor.newInstanceWithCaller(Constructor.java:502)
	at java.base/java.lang.reflect.Constructor.newInstance(Constructor.java:486)
	at org.openqa.selenium.remote.ErrorCodec.decode(ErrorCodec.java:167)
	at org.openqa.selenium.remote.codec.w3c.W3CHttpResponseCodec.decode(W3CHttpResponseCodec.java:138)
	at org.openqa.selenium.remote.codec.w3c.W3CHttpResponseCodec.decode(W3CHttpResponseCodec.java:50)
	at org.openqa.selenium.remote.HttpCommandExecutor.execute(HttpCommandExecutor.java:215)
	at org.openqa.selenium.remote.service.DriverCommandExecutor.invokeExecute(DriverCommandExecutor.java:216)
	at org.openqa.selenium.remote.service.DriverCommandExecutor.execute(DriverCommandExecutor.java:174)
	at org.openqa.selenium.remote.RemoteWebDriver.execute(RemoteWebDriver.java:545)
	at org.openqa.selenium.remote.RemoteWebElement.execute(RemoteWebElement.java:223)
	at org.openqa.selenium.remote.RemoteWebElement.click(RemoteWebElement.java:76)
	at com.ecommerce.pages.UserActionsPage.clickScrollUpButton(UserActionsPage.java:217)
	at com.ecommerce.stepDefinitions.UserActionsSteps.user_clicks_scroll_up_button(UserActionsSteps.java:235)
	at ✽.User clicks Scroll Up button(file:///C:/Users/ASUS/eclipse-workspace/PROJECT/EcommerceAutomation/src/test/resources/features/UserActions.feature:52)
</pre></div></td>
<td>8</td>
<td>com.ecommerce.runners.UserActionsTestRunner@6743e411</td></tr>
</table><p>
<table width='100%' border='1' class='invocation-passed'>
<tr><td colspan='4' align='center'><b>PASSED TESTS</b></td></tr>
<tr><td><b>Test method</b></td>
<td width="30%"><b>Exception</b></td>
<td width="10%"><b>Time (seconds)</b></td>
<td><b>Instance</b></td>
</tr>
<tr>
<td title='com.ecommerce.runners.UserActionsTestRunner.runScenario()'><b>runScenario</b><br>Test class: com.ecommerce.runners.UserActionsTestRunner<br>Test method: Runs Cucumber Scenarios<br>Parameters: "Verify Test Cases Page #tc7", "User Actions"</td>
<td></td>
<td>9</td>
<td>com.ecommerce.runners.UserActionsTestRunner@6743e411</td></tr>
<tr>
<td title='com.ecommerce.runners.UserActionsTestRunner.runScenario()'><b>runScenario</b><br>Test class: com.ecommerce.runners.UserActionsTestRunner<br>Test method: Runs Cucumber Scenarios<br>Parameters: "Verify Subscription in Home Page #tc10", "User Actions"</td>
<td></td>
<td>9</td>
<td>com.ecommerce.runners.UserActionsTestRunner@6743e411</td></tr>
<tr>
<td title='com.ecommerce.runners.UserActionsTestRunner.runScenario()'><b>runScenario</b><br>Test class: com.ecommerce.runners.UserActionsTestRunner<br>Test method: Runs Cucumber Scenarios<br>Parameters: "Add Review on Product # TC 21", "User Actions"</td>
<td></td>
<td>13</td>
<td>com.ecommerce.runners.UserActionsTestRunner@6743e411</td></tr>
<tr>
<td title='com.ecommerce.runners.UserActionsTestRunner.runScenario()'><b>runScenario</b><br>Test class: com.ecommerce.runners.UserActionsTestRunner<br>Test method: Runs Cucumber Scenarios<br>Parameters: "Verify Scroll Up using Arrow button and Scroll Down functionality # TC 26", "User Actions"</td>
<td></td>
<td>7</td>
<td>com.ecommerce.runners.UserActionsTestRunner@6743e411</td></tr>
<tr>
<td title='com.ecommerce.runners.UserActionsTestRunner.runScenario()'><b>runScenario</b><br>Test class: com.ecommerce.runners.UserActionsTestRunner<br>Test method: Runs Cucumber Scenarios<br>Parameters: "Submit Contact Us Form #tc 6", "User Actions"</td>
<td></td>
<td>57</td>
<td>com.ecommerce.runners.UserActionsTestRunner@6743e411</td></tr>
<tr>
<td title='com.ecommerce.runners.UserActionsTestRunner.runScenario()'><b>runScenario</b><br>Test class: com.ecommerce.runners.UserActionsTestRunner<br>Test method: Runs Cucumber Scenarios<br>Parameters: "Verify Subscription in Cart Page # TC 11", "User Actions"</td>
<td></td>
<td>6</td>
<td>com.ecommerce.runners.UserActionsTestRunner@6743e411</td></tr>
</table><p>
</body>
</html>