<?xml version="1.0" encoding="UTF-8"?>
<testng-results ignored="0" total="26" passed="20" failed="6" skipped="0">
  <reporter-output>
  </reporter-output>
  <suite started-at="2025-03-21T19:20:57 IST" name="AutomationSuite" finished-at="2025-03-21T19:27:36 IST" duration-ms="398576">
    <groups>
      <group name="cucumber">
        <method signature="AbstractTestNGCucumberTests.runScenario(io.cucumber.testng.PickleWrapper,io.cucumber.testng.FeatureWrapper)[pri:0, instance:com.ecommerce.runners.RegisterTestRunner@78691363]" name="runScenario" class="io.cucumber.testng.AbstractTestNGCucumberTests"/>
        <method signature="AbstractTestNGCucumberTests.runScenario(io.cucumber.testng.PickleWrapper,io.cucumber.testng.FeatureWrapper)[pri:0, instance:com.ecommerce.runners.LoginTestRunner@7dcf94f8]" name="runScenario" class="io.cucumber.testng.AbstractTestNGCucumberTests"/>
        <method signature="AbstractTestNGCucumberTests.runScenario(io.cucumber.testng.PickleWrapper,io.cucumber.testng.FeatureWrapper)[pri:0, instance:com.ecommerce.runners.UserActionsTestRunner@477b4cdf]" name="runScenario" class="io.cucumber.testng.AbstractTestNGCucumberTests"/>
        <method signature="AbstractTestNGCucumberTests.runScenario(io.cucumber.testng.PickleWrapper,io.cucumber.testng.FeatureWrapper)[pri:0, instance:com.ecommerce.runners.ProductAndCartTestRunner@1e800aaa]" name="runScenario" class="io.cucumber.testng.AbstractTestNGCucumberTests"/>
        <method signature="AbstractTestNGCucumberTests.runScenario(io.cucumber.testng.PickleWrapper,io.cucumber.testng.FeatureWrapper)[pri:0, instance:com.ecommerce.runners.CategoriesAndBrandTestRunner@3cd3e762]" name="runScenario" class="io.cucumber.testng.AbstractTestNGCucumberTests"/>
        <method signature="AbstractTestNGCucumberTests.runScenario(io.cucumber.testng.PickleWrapper,io.cucumber.testng.FeatureWrapper)[pri:0, instance:com.ecommerce.runners.CheckoutTestRunner@6ed3ccb2]" name="runScenario" class="io.cucumber.testng.AbstractTestNGCucumberTests"/>
      </group> <!-- cucumber -->
    </groups>
    <test started-at="2025-03-21T19:20:57 IST" name="Step 1 - Register User" finished-at="2025-03-21T19:21:35 IST" duration-ms="38053">
      <class name="com.ecommerce.runners.RegisterTestRunner">
        <test-method is-config="true" signature="setUpClass(org.testng.ITestContext)[pri:0, instance:com.ecommerce.runners.RegisterTestRunner@78691363]" started-at="2025-03-21T19:20:57 IST" name="setUpClass" finished-at="2025-03-21T19:20:58 IST" duration-ms="793" status="PASS">
          <params>
            <param index="0">
              <value>
                <![CDATA[org.testng.TestRunner@76a1cc1a]]>
              </value>
            </param>
          </params>
          <reporter-output>
          </reporter-output>
        </test-method> <!-- setUpClass -->
        <test-method signature="runScenario(io.cucumber.testng.PickleWrapper,io.cucumber.testng.FeatureWrapper)[pri:0, instance:com.ecommerce.runners.RegisterTestRunner@78691363]" started-at="2025-03-21T19:20:58 IST" name="runScenario" description="Runs Cucumber Scenarios" data-provider="scenarios" finished-at="2025-03-21T19:21:25 IST" duration-ms="26759" status="PASS">
          <params>
            <param index="0">
              <value>
                <![CDATA["Register a new user # TC 1"]]>
              </value>
            </param>
            <param index="1">
              <value>
                <![CDATA["User Registration"]]>
              </value>
            </param>
          </params>
          <reporter-output>
          </reporter-output>
        </test-method> <!-- runScenario -->
        <test-method signature="runScenario(io.cucumber.testng.PickleWrapper,io.cucumber.testng.FeatureWrapper)[pri:0, instance:com.ecommerce.runners.RegisterTestRunner@78691363]" started-at="2025-03-21T19:21:25 IST" name="runScenario" description="Runs Cucumber Scenarios" data-provider="scenarios" finished-at="2025-03-21T19:21:35 IST" duration-ms="10276" status="PASS">
          <params>
            <param index="0">
              <value>
                <![CDATA["Register User with an existing email # TC 5"]]>
              </value>
            </param>
            <param index="1">
              <value>
                <![CDATA["User Registration"]]>
              </value>
            </param>
          </params>
          <reporter-output>
          </reporter-output>
        </test-method> <!-- runScenario -->
        <test-method is-config="true" signature="tearDownClass()[pri:0, instance:com.ecommerce.runners.RegisterTestRunner@78691363]" started-at="2025-03-21T19:21:35 IST" name="tearDownClass" finished-at="2025-03-21T19:21:35 IST" duration-ms="151" status="PASS">
          <reporter-output>
          </reporter-output>
        </test-method> <!-- tearDownClass -->
      </class> <!-- com.ecommerce.runners.RegisterTestRunner -->
    </test> <!-- Step 1 - Register User -->
    <test started-at="2025-03-21T19:21:35 IST" name="Step 2 - Login and Logout" finished-at="2025-03-21T19:22:18 IST" duration-ms="42518">
      <class name="com.ecommerce.runners.LoginTestRunner">
        <test-method is-config="true" signature="setUpClass(org.testng.ITestContext)[pri:0, instance:com.ecommerce.runners.LoginTestRunner@7dcf94f8]" started-at="2025-03-21T19:21:35 IST" name="setUpClass" finished-at="2025-03-21T19:21:35 IST" duration-ms="27" status="PASS">
          <params>
            <param index="0">
              <value>
                <![CDATA[org.testng.TestRunner@597a5ead]]>
              </value>
            </param>
          </params>
          <reporter-output>
          </reporter-output>
        </test-method> <!-- setUpClass -->
        <test-method signature="runScenario(io.cucumber.testng.PickleWrapper,io.cucumber.testng.FeatureWrapper)[pri:0, instance:com.ecommerce.runners.LoginTestRunner@7dcf94f8]" started-at="2025-03-21T19:21:35 IST" name="runScenario" description="Runs Cucumber Scenarios" data-provider="scenarios" finished-at="2025-03-21T19:21:46 IST" duration-ms="11160" status="PASS">
          <params>
            <param index="0">
              <value>
                <![CDATA["Login User with correct email and password #TC2"]]>
              </value>
            </param>
            <param index="1">
              <value>
                <![CDATA["User Login and Logout"]]>
              </value>
            </param>
          </params>
          <reporter-output>
          </reporter-output>
        </test-method> <!-- runScenario -->
        <test-method signature="runScenario(io.cucumber.testng.PickleWrapper,io.cucumber.testng.FeatureWrapper)[pri:0, instance:com.ecommerce.runners.LoginTestRunner@7dcf94f8]" started-at="2025-03-21T19:21:46 IST" name="runScenario" description="Runs Cucumber Scenarios" data-provider="scenarios" finished-at="2025-03-21T19:21:58 IST" duration-ms="11697" status="PASS">
          <params>
            <param index="0">
              <value>
                <![CDATA["Login User with incorrect email and password #TC3"]]>
              </value>
            </param>
            <param index="1">
              <value>
                <![CDATA["User Login and Logout"]]>
              </value>
            </param>
          </params>
          <reporter-output>
          </reporter-output>
        </test-method> <!-- runScenario -->
        <test-method signature="runScenario(io.cucumber.testng.PickleWrapper,io.cucumber.testng.FeatureWrapper)[pri:0, instance:com.ecommerce.runners.LoginTestRunner@7dcf94f8]" started-at="2025-03-21T19:21:58 IST" name="runScenario" description="Runs Cucumber Scenarios" data-provider="scenarios" finished-at="2025-03-21T19:22:18 IST" duration-ms="19569" status="PASS">
          <params>
            <param index="0">
              <value>
                <![CDATA["Logout User #TC4"]]>
              </value>
            </param>
            <param index="1">
              <value>
                <![CDATA["User Login and Logout"]]>
              </value>
            </param>
          </params>
          <reporter-output>
          </reporter-output>
        </test-method> <!-- runScenario -->
        <test-method is-config="true" signature="tearDownClass()[pri:0, instance:com.ecommerce.runners.LoginTestRunner@7dcf94f8]" started-at="2025-03-21T19:22:18 IST" name="tearDownClass" finished-at="2025-03-21T19:22:18 IST" duration-ms="63" status="PASS">
          <reporter-output>
          </reporter-output>
        </test-method> <!-- tearDownClass -->
      </class> <!-- com.ecommerce.runners.LoginTestRunner -->
    </test> <!-- Step 2 - Login and Logout -->
    <test started-at="2025-03-21T19:22:18 IST" name="Step 3 - Contact Us and Other User Actions" finished-at="2025-03-21T19:23:18 IST" duration-ms="60487">
      <class name="com.ecommerce.runners.UserActionsTestRunner">
        <test-method is-config="true" signature="setUpClass(org.testng.ITestContext)[pri:0, instance:com.ecommerce.runners.UserActionsTestRunner@477b4cdf]" started-at="2025-03-21T19:22:18 IST" name="setUpClass" finished-at="2025-03-21T19:22:18 IST" duration-ms="30" status="PASS">
          <params>
            <param index="0">
              <value>
                <![CDATA[org.testng.TestRunner@e763080]]>
              </value>
            </param>
          </params>
          <reporter-output>
          </reporter-output>
        </test-method> <!-- setUpClass -->
        <test-method signature="runScenario(io.cucumber.testng.PickleWrapper,io.cucumber.testng.FeatureWrapper)[pri:0, instance:com.ecommerce.runners.UserActionsTestRunner@477b4cdf]" started-at="2025-03-21T19:22:18 IST" name="runScenario" description="Runs Cucumber Scenarios" data-provider="scenarios" finished-at="2025-03-21T19:22:32 IST" duration-ms="14326" status="PASS">
          <params>
            <param index="0">
              <value>
                <![CDATA["Submit Contact Us Form #tc 6"]]>
              </value>
            </param>
            <param index="1">
              <value>
                <![CDATA["User Actions"]]>
              </value>
            </param>
          </params>
          <reporter-output>
          </reporter-output>
        </test-method> <!-- runScenario -->
        <test-method signature="runScenario(io.cucumber.testng.PickleWrapper,io.cucumber.testng.FeatureWrapper)[pri:0, instance:com.ecommerce.runners.UserActionsTestRunner@477b4cdf]" started-at="2025-03-21T19:22:32 IST" name="runScenario" description="Runs Cucumber Scenarios" data-provider="scenarios" finished-at="2025-03-21T19:22:40 IST" duration-ms="7937" status="PASS">
          <params>
            <param index="0">
              <value>
                <![CDATA["Verify Test Cases Page #tc7"]]>
              </value>
            </param>
            <param index="1">
              <value>
                <![CDATA["User Actions"]]>
              </value>
            </param>
          </params>
          <reporter-output>
          </reporter-output>
        </test-method> <!-- runScenario -->
        <test-method signature="runScenario(io.cucumber.testng.PickleWrapper,io.cucumber.testng.FeatureWrapper)[pri:0, instance:com.ecommerce.runners.UserActionsTestRunner@477b4cdf]" started-at="2025-03-21T19:22:40 IST" name="runScenario" description="Runs Cucumber Scenarios" data-provider="scenarios" finished-at="2025-03-21T19:22:46 IST" duration-ms="5658" status="PASS">
          <params>
            <param index="0">
              <value>
                <![CDATA["Verify Subscription in Home Page #tc10"]]>
              </value>
            </param>
            <param index="1">
              <value>
                <![CDATA["User Actions"]]>
              </value>
            </param>
          </params>
          <reporter-output>
          </reporter-output>
        </test-method> <!-- runScenario -->
        <test-method signature="runScenario(io.cucumber.testng.PickleWrapper,io.cucumber.testng.FeatureWrapper)[pri:0, instance:com.ecommerce.runners.UserActionsTestRunner@477b4cdf]" started-at="2025-03-21T19:22:46 IST" name="runScenario" description="Runs Cucumber Scenarios" data-provider="scenarios" finished-at="2025-03-21T19:22:53 IST" duration-ms="6998" status="PASS">
          <params>
            <param index="0">
              <value>
                <![CDATA["Verify Subscription in Cart Page # TC 11"]]>
              </value>
            </param>
            <param index="1">
              <value>
                <![CDATA["User Actions"]]>
              </value>
            </param>
          </params>
          <reporter-output>
          </reporter-output>
        </test-method> <!-- runScenario -->
        <test-method signature="runScenario(io.cucumber.testng.PickleWrapper,io.cucumber.testng.FeatureWrapper)[pri:0, instance:com.ecommerce.runners.UserActionsTestRunner@477b4cdf]" started-at="2025-03-21T19:22:53 IST" name="runScenario" description="Runs Cucumber Scenarios" data-provider="scenarios" finished-at="2025-03-21T19:23:04 IST" duration-ms="11570" status="PASS">
          <params>
            <param index="0">
              <value>
                <![CDATA["Add Review on Product # TC 21"]]>
              </value>
            </param>
            <param index="1">
              <value>
                <![CDATA["User Actions"]]>
              </value>
            </param>
          </params>
          <reporter-output>
          </reporter-output>
        </test-method> <!-- runScenario -->
        <test-method signature="runScenario(io.cucumber.testng.PickleWrapper,io.cucumber.testng.FeatureWrapper)[pri:0, instance:com.ecommerce.runners.UserActionsTestRunner@477b4cdf]" started-at="2025-03-21T19:23:04 IST" name="runScenario" description="Runs Cucumber Scenarios" data-provider="scenarios" finished-at="2025-03-21T19:23:11 IST" duration-ms="7174" status="FAIL">
          <params>
            <param index="0">
              <value>
                <![CDATA["Verify Scroll Up using Arrow button and Scroll Down functionality # TC 25"]]>
              </value>
            </param>
            <param index="1">
              <value>
                <![CDATA["User Actions"]]>
              </value>
            </param>
          </params>
          <exception class="org.openqa.selenium.ElementClickInterceptedException">
            <message>
              <![CDATA[element click intercepted: Element <a id="scrollUp" href="#top" style="position: fixed; z-index: 2147483647;">...</a> is not clickable at point (1489, 657). Other element would receive the click: <div id="aswift_3_host" style="border: none !important; height: 90px !important; width: 100% !important; margin: 0px !important; padding: 0px !important; position: relative !important; visibility: visible !important; background-color: transparent !important; display: inline-block !important; inset: auto !important; clear: none !important; float: none !important; max-height: none !important; max-width: none !important; opacity: 1 !important; overflow: visible !important; vertical-align: baseline !important; z-index: auto !important;">...</div>
  (Session info: chrome=134.0.6998.117)
Build info: version: '4.29.0', revision: '5fc1ec94cb'
System info: os.name: 'Windows 11', os.arch: 'amd64', os.version: '10.0', java.version: '22.0.2'
Driver info: org.openqa.selenium.chrome.ChromeDriver
Command: [471126d67d9cd3d5f04b0e4b198d76f0, clickElement {id=f.10993383869CD1175CF80E55E7BC3EB2.d.B9075A7C1957DB21497A87FDF567E59E.e.29}]
Capabilities {acceptInsecureCerts: false, browserName: chrome, browserVersion: 134.0.6998.117, chrome: {chromedriverVersion: 134.0.6998.90 (219ee74681fc..., userDataDir: C:\Users\ASUS\AppData\Local...}, fedcm:accounts: true, goog:chromeOptions: {debuggerAddress: localhost:54016}, networkConnectionEnabled: false, pageLoadStrategy: normal, platformName: windows, proxy: Proxy(), se:cdp: ws://localhost:54016/devtoo..., se:cdpVersion: 134.0.6998.117, setWindowRect: true, strictFileInteractability: false, timeouts: {implicit: 0, pageLoad: 300000, script: 30000}, unhandledPromptBehavior: dismiss and notify, webauthn:extension:credBlob: true, webauthn:extension:largeBlob: true, webauthn:extension:minPinLength: true, webauthn:extension:prf: true, webauthn:virtualAuthenticators: true}
Element: [[ChromeDriver: chrome on windows (471126d67d9cd3d5f04b0e4b198d76f0)] -> id: scrollUp]
Session ID: 471126d67d9cd3d5f04b0e4b198d76f0]]>
            </message>
            <full-stacktrace>
              <![CDATA[org.openqa.selenium.ElementClickInterceptedException: element click intercepted: Element <a id="scrollUp" href="#top" style="position: fixed; z-index: 2147483647;">...</a> is not clickable at point (1489, 657). Other element would receive the click: <div id="aswift_3_host" style="border: none !important; height: 90px !important; width: 100% !important; margin: 0px !important; padding: 0px !important; position: relative !important; visibility: visible !important; background-color: transparent !important; display: inline-block !important; inset: auto !important; clear: none !important; float: none !important; max-height: none !important; max-width: none !important; opacity: 1 !important; overflow: visible !important; vertical-align: baseline !important; z-index: auto !important;">...</div>
  (Session info: chrome=134.0.6998.117)
Build info: version: '4.29.0', revision: '5fc1ec94cb'
System info: os.name: 'Windows 11', os.arch: 'amd64', os.version: '10.0', java.version: '22.0.2'
Driver info: org.openqa.selenium.chrome.ChromeDriver
Command: [471126d67d9cd3d5f04b0e4b198d76f0, clickElement {id=f.10993383869CD1175CF80E55E7BC3EB2.d.B9075A7C1957DB21497A87FDF567E59E.e.29}]
Capabilities {acceptInsecureCerts: false, browserName: chrome, browserVersion: 134.0.6998.117, chrome: {chromedriverVersion: 134.0.6998.90 (219ee74681fc..., userDataDir: C:\Users\ASUS\AppData\Local...}, fedcm:accounts: true, goog:chromeOptions: {debuggerAddress: localhost:54016}, networkConnectionEnabled: false, pageLoadStrategy: normal, platformName: windows, proxy: Proxy(), se:cdp: ws://localhost:54016/devtoo..., se:cdpVersion: 134.0.6998.117, setWindowRect: true, strictFileInteractability: false, timeouts: {implicit: 0, pageLoad: 300000, script: 30000}, unhandledPromptBehavior: dismiss and notify, webauthn:extension:credBlob: true, webauthn:extension:largeBlob: true, webauthn:extension:minPinLength: true, webauthn:extension:prf: true, webauthn:virtualAuthenticators: true}
Element: [[ChromeDriver: chrome on windows (471126d67d9cd3d5f04b0e4b198d76f0)] -> id: scrollUp]
Session ID: 471126d67d9cd3d5f04b0e4b198d76f0
at java.base/jdk.internal.reflect.DirectConstructorHandleAccessor.newInstance(DirectConstructorHandleAccessor.java:62)
at java.base/java.lang.reflect.Constructor.newInstanceWithCaller(Constructor.java:502)
at java.base/java.lang.reflect.Constructor.newInstance(Constructor.java:486)
at org.openqa.selenium.remote.ErrorCodec.decode(ErrorCodec.java:167)
at org.openqa.selenium.remote.codec.w3c.W3CHttpResponseCodec.decode(W3CHttpResponseCodec.java:138)
at org.openqa.selenium.remote.codec.w3c.W3CHttpResponseCodec.decode(W3CHttpResponseCodec.java:50)
at org.openqa.selenium.remote.HttpCommandExecutor.execute(HttpCommandExecutor.java:215)
at org.openqa.selenium.remote.service.DriverCommandExecutor.invokeExecute(DriverCommandExecutor.java:216)
at org.openqa.selenium.remote.service.DriverCommandExecutor.execute(DriverCommandExecutor.java:174)
at org.openqa.selenium.remote.RemoteWebDriver.execute(RemoteWebDriver.java:545)
at org.openqa.selenium.remote.RemoteWebElement.execute(RemoteWebElement.java:223)
at org.openqa.selenium.remote.RemoteWebElement.click(RemoteWebElement.java:76)
at com.ecommerce.pages.UserActionsPage.clickScrollUpButton(UserActionsPage.java:217)
at com.ecommerce.stepDefinitions.UserActionsSteps.user_clicks_scroll_up_button(UserActionsSteps.java:235)
at ✽.User clicks Scroll Up button(file:///C:/Users/ASUS/eclipse-workspace/PROJECT/EcommerceAutomation/src/test/resources/features/UserActions.feature:52)
]]>
            </full-stacktrace>
          </exception> <!-- org.openqa.selenium.ElementClickInterceptedException -->
          <reporter-output>
          </reporter-output>
        </test-method> <!-- runScenario -->
        <test-method signature="runScenario(io.cucumber.testng.PickleWrapper,io.cucumber.testng.FeatureWrapper)[pri:0, instance:com.ecommerce.runners.UserActionsTestRunner@477b4cdf]" started-at="2025-03-21T19:23:11 IST" name="runScenario" description="Runs Cucumber Scenarios" data-provider="scenarios" finished-at="2025-03-21T19:23:18 IST" duration-ms="6736" status="PASS">
          <params>
            <param index="0">
              <value>
                <![CDATA["Verify Scroll Up using Arrow button and Scroll Down functionality # TC 26"]]>
              </value>
            </param>
            <param index="1">
              <value>
                <![CDATA["User Actions"]]>
              </value>
            </param>
          </params>
          <reporter-output>
          </reporter-output>
        </test-method> <!-- runScenario -->
        <test-method is-config="true" signature="tearDownClass()[pri:0, instance:com.ecommerce.runners.UserActionsTestRunner@477b4cdf]" started-at="2025-03-21T19:23:18 IST" name="tearDownClass" finished-at="2025-03-21T19:23:18 IST" duration-ms="46" status="PASS">
          <reporter-output>
          </reporter-output>
        </test-method> <!-- tearDownClass -->
      </class> <!-- com.ecommerce.runners.UserActionsTestRunner -->
    </test> <!-- Step 3 - Contact Us and Other User Actions -->
    <test started-at="2025-03-21T19:23:18 IST" name="Step 4 - Product and Cart Actions" finished-at="2025-03-21T19:24:32 IST" duration-ms="73555">
      <class name="com.ecommerce.runners.ProductAndCartTestRunner">
        <test-method is-config="true" signature="setUpClass(org.testng.ITestContext)[pri:0, instance:com.ecommerce.runners.ProductAndCartTestRunner@1e800aaa]" started-at="2025-03-21T19:23:18 IST" name="setUpClass" finished-at="2025-03-21T19:23:18 IST" duration-ms="29" status="PASS">
          <params>
            <param index="0">
              <value>
                <![CDATA[org.testng.TestRunner@6dd59886]]>
              </value>
            </param>
          </params>
          <reporter-output>
          </reporter-output>
        </test-method> <!-- setUpClass -->
        <test-method signature="runScenario(io.cucumber.testng.PickleWrapper,io.cucumber.testng.FeatureWrapper)[pri:0, instance:com.ecommerce.runners.ProductAndCartTestRunner@1e800aaa]" started-at="2025-03-21T19:23:18 IST" name="runScenario" description="Runs Cucumber Scenarios" data-provider="scenarios" finished-at="2025-03-21T19:23:29 IST" duration-ms="10929" status="PASS">
          <params>
            <param index="0">
              <value>
                <![CDATA["Verify All Products and Product Detail Page # TC 8"]]>
              </value>
            </param>
            <param index="1">
              <value>
                <![CDATA["Product and Cart Actions"]]>
              </value>
            </param>
          </params>
          <reporter-output>
          </reporter-output>
        </test-method> <!-- runScenario -->
        <test-method signature="runScenario(io.cucumber.testng.PickleWrapper,io.cucumber.testng.FeatureWrapper)[pri:0, instance:com.ecommerce.runners.ProductAndCartTestRunner@1e800aaa]" started-at="2025-03-21T19:23:29 IST" name="runScenario" description="Runs Cucumber Scenarios" data-provider="scenarios" finished-at="2025-03-21T19:23:37 IST" duration-ms="7513" status="PASS">
          <params>
            <param index="0">
              <value>
                <![CDATA["Search Product # TC 9"]]>
              </value>
            </param>
            <param index="1">
              <value>
                <![CDATA["Product and Cart Actions"]]>
              </value>
            </param>
          </params>
          <reporter-output>
          </reporter-output>
        </test-method> <!-- runScenario -->
        <test-method signature="runScenario(io.cucumber.testng.PickleWrapper,io.cucumber.testng.FeatureWrapper)[pri:0, instance:com.ecommerce.runners.ProductAndCartTestRunner@1e800aaa]" started-at="2025-03-21T19:23:37 IST" name="runScenario" description="Runs Cucumber Scenarios" data-provider="scenarios" finished-at="2025-03-21T19:23:55 IST" duration-ms="18791" status="PASS">
          <params>
            <param index="0">
              <value>
                <![CDATA["Add Products in Cart # TC 12"]]>
              </value>
            </param>
            <param index="1">
              <value>
                <![CDATA["Product and Cart Actions"]]>
              </value>
            </param>
          </params>
          <reporter-output>
          </reporter-output>
        </test-method> <!-- runScenario -->
        <test-method signature="runScenario(io.cucumber.testng.PickleWrapper,io.cucumber.testng.FeatureWrapper)[pri:0, instance:com.ecommerce.runners.ProductAndCartTestRunner@1e800aaa]" started-at="2025-03-21T19:23:55 IST" name="runScenario" description="Runs Cucumber Scenarios" data-provider="scenarios" finished-at="2025-03-21T19:24:06 IST" duration-ms="10253" status="PASS">
          <params>
            <param index="0">
              <value>
                <![CDATA["Verify Product Quantity in Cart # TC 13"]]>
              </value>
            </param>
            <param index="1">
              <value>
                <![CDATA["Product and Cart Actions"]]>
              </value>
            </param>
          </params>
          <reporter-output>
          </reporter-output>
        </test-method> <!-- runScenario -->
        <test-method signature="runScenario(io.cucumber.testng.PickleWrapper,io.cucumber.testng.FeatureWrapper)[pri:0, instance:com.ecommerce.runners.ProductAndCartTestRunner@1e800aaa]" started-at="2025-03-21T19:24:06 IST" name="runScenario" description="Runs Cucumber Scenarios" data-provider="scenarios" finished-at="2025-03-21T19:24:17 IST" duration-ms="11689" status="PASS">
          <params>
            <param index="0">
              <value>
                <![CDATA["Remove Product from Cart # TC 17"]]>
              </value>
            </param>
            <param index="1">
              <value>
                <![CDATA["Product and Cart Actions"]]>
              </value>
            </param>
          </params>
          <reporter-output>
          </reporter-output>
        </test-method> <!-- runScenario -->
        <test-method signature="runScenario(io.cucumber.testng.PickleWrapper,io.cucumber.testng.FeatureWrapper)[pri:0, instance:com.ecommerce.runners.ProductAndCartTestRunner@1e800aaa]" started-at="2025-03-21T19:24:17 IST" name="runScenario" description="Runs Cucumber Scenarios" data-provider="scenarios" finished-at="2025-03-21T19:24:32 IST" duration-ms="14316" status="PASS">
          <params>
            <param index="0">
              <value>
                <![CDATA["Add to Cart from Recommended Items # TC 22"]]>
              </value>
            </param>
            <param index="1">
              <value>
                <![CDATA["Product and Cart Actions"]]>
              </value>
            </param>
          </params>
          <reporter-output>
          </reporter-output>
        </test-method> <!-- runScenario -->
        <test-method is-config="true" signature="tearDownClass()[pri:0, instance:com.ecommerce.runners.ProductAndCartTestRunner@1e800aaa]" started-at="2025-03-21T19:24:32 IST" name="tearDownClass" finished-at="2025-03-21T19:24:32 IST" duration-ms="29" status="PASS">
          <reporter-output>
          </reporter-output>
        </test-method> <!-- tearDownClass -->
      </class> <!-- com.ecommerce.runners.ProductAndCartTestRunner -->
    </test> <!-- Step 4 - Product and Cart Actions -->
    <test started-at="2025-03-21T19:24:32 IST" name="Step 5 - Categories and Brand Actions" finished-at="2025-03-21T19:25:39 IST" duration-ms="67195">
      <class name="com.ecommerce.runners.CategoriesAndBrandTestRunner">
        <test-method is-config="true" signature="setUpClass(org.testng.ITestContext)[pri:0, instance:com.ecommerce.runners.CategoriesAndBrandTestRunner@3cd3e762]" started-at="2025-03-21T19:24:32 IST" name="setUpClass" finished-at="2025-03-21T19:24:32 IST" duration-ms="31" status="PASS">
          <params>
            <param index="0">
              <value>
                <![CDATA[org.testng.TestRunner@65a7bc80]]>
              </value>
            </param>
          </params>
          <reporter-output>
          </reporter-output>
        </test-method> <!-- setUpClass -->
        <test-method signature="runScenario(io.cucumber.testng.PickleWrapper,io.cucumber.testng.FeatureWrapper)[pri:0, instance:com.ecommerce.runners.CategoriesAndBrandTestRunner@3cd3e762]" started-at="2025-03-21T19:24:32 IST" name="runScenario" description="Runs Cucumber Scenarios" data-provider="scenarios" finished-at="2025-03-21T19:25:00 IST" duration-ms="28089" status="PASS">
          <params>
            <param index="0">
              <value>
                <![CDATA["Search Products and Verify Cart After Login # TC 20"]]>
              </value>
            </param>
            <param index="1">
              <value>
                <![CDATA["Categories and Brands"]]>
              </value>
            </param>
          </params>
          <reporter-output>
          </reporter-output>
        </test-method> <!-- runScenario -->
        <test-method signature="runScenario(io.cucumber.testng.PickleWrapper,io.cucumber.testng.FeatureWrapper)[pri:0, instance:com.ecommerce.runners.CategoriesAndBrandTestRunner@3cd3e762]" started-at="2025-03-21T19:25:00 IST" name="runScenario" description="Runs Cucumber Scenarios" data-provider="scenarios" finished-at="2025-03-21T19:25:18 IST" duration-ms="18127" status="FAIL">
          <params>
            <param index="0">
              <value>
                <![CDATA["View Category Products # TC 18"]]>
              </value>
            </param>
            <param index="1">
              <value>
                <![CDATA["Categories and Brands"]]>
              </value>
            </param>
          </params>
          <exception class="org.openqa.selenium.TimeoutException">
            <message>
              <![CDATA[Expected condition failed: waiting for visibility of element located by By.xpath: //h2[contains(text(),'Women - Dress Products')] (tried for 10 second(s) with 500 milliseconds interval)
Build info: version: '4.29.0', revision: '5fc1ec94cb'
System info: os.name: 'Windows 11', os.arch: 'amd64', os.version: '10.0', java.version: '22.0.2'
Driver info: org.openqa.selenium.chrome.ChromeDriver
Capabilities {acceptInsecureCerts: false, browserName: chrome, browserVersion: 134.0.6998.117, chrome: {chromedriverVersion: 134.0.6998.90 (219ee74681fc..., userDataDir: C:\Users\ASUS\AppData\Local...}, fedcm:accounts: true, goog:chromeOptions: {debuggerAddress: localhost:54569}, networkConnectionEnabled: false, pageLoadStrategy: normal, platformName: windows, proxy: Proxy(), se:cdp: ws://localhost:54569/devtoo..., se:cdpVersion: 134.0.6998.117, setWindowRect: true, strictFileInteractability: false, timeouts: {implicit: 0, pageLoad: 300000, script: 30000}, unhandledPromptBehavior: dismiss and notify, webauthn:extension:credBlob: true, webauthn:extension:largeBlob: true, webauthn:extension:minPinLength: true, webauthn:extension:prf: true, webauthn:virtualAuthenticators: true}
Session ID: f86ff5a63f038aa728f71af7892f7679]]>
            </message>
            <full-stacktrace>
              <![CDATA[org.openqa.selenium.TimeoutException: Expected condition failed: waiting for visibility of element located by By.xpath: //h2[contains(text(),'Women - Dress Products')] (tried for 10 second(s) with 500 milliseconds interval)
Build info: version: '4.29.0', revision: '5fc1ec94cb'
System info: os.name: 'Windows 11', os.arch: 'amd64', os.version: '10.0', java.version: '22.0.2'
Driver info: org.openqa.selenium.chrome.ChromeDriver
Capabilities {acceptInsecureCerts: false, browserName: chrome, browserVersion: 134.0.6998.117, chrome: {chromedriverVersion: 134.0.6998.90 (219ee74681fc..., userDataDir: C:\Users\ASUS\AppData\Local...}, fedcm:accounts: true, goog:chromeOptions: {debuggerAddress: localhost:54569}, networkConnectionEnabled: false, pageLoadStrategy: normal, platformName: windows, proxy: Proxy(), se:cdp: ws://localhost:54569/devtoo..., se:cdpVersion: 134.0.6998.117, setWindowRect: true, strictFileInteractability: false, timeouts: {implicit: 0, pageLoad: 300000, script: 30000}, unhandledPromptBehavior: dismiss and notify, webauthn:extension:credBlob: true, webauthn:extension:largeBlob: true, webauthn:extension:minPinLength: true, webauthn:extension:prf: true, webauthn:virtualAuthenticators: true}
Session ID: f86ff5a63f038aa728f71af7892f7679
at org.openqa.selenium.support.ui.WebDriverWait.timeoutException(WebDriverWait.java:84)
at org.openqa.selenium.support.ui.FluentWait.until(FluentWait.java:228)
at com.ecommerce.pages.CategoriesAndBrandPage.isWomenDressProductsPageDisplayed(CategoriesAndBrandPage.java:208)
at com.ecommerce.stepDefinitions.CategoriesAndBrandSteps.user_verifies_women_category_page(CategoriesAndBrandSteps.java:158)
at ✽.User should verify that category page is displayed with the text "WOMEN - DRESS PRODUCTS"(file:///C:/Users/ASUS/eclipse-workspace/PROJECT/EcommerceAutomation/src/test/resources/features/CategoriesAndBrand.feature:33)
]]>
            </full-stacktrace>
          </exception> <!-- org.openqa.selenium.TimeoutException -->
          <reporter-output>
          </reporter-output>
        </test-method> <!-- runScenario -->
        <test-method signature="runScenario(io.cucumber.testng.PickleWrapper,io.cucumber.testng.FeatureWrapper)[pri:0, instance:com.ecommerce.runners.CategoriesAndBrandTestRunner@3cd3e762]" started-at="2025-03-21T19:25:18 IST" name="runScenario" description="Runs Cucumber Scenarios" data-provider="scenarios" finished-at="2025-03-21T19:25:39 IST" duration-ms="20918" status="FAIL">
          <params>
            <param index="0">
              <value>
                <![CDATA["View & Cart Brand Products # TC 19"]]>
              </value>
            </param>
            <param index="1">
              <value>
                <![CDATA["Categories and Brands"]]>
              </value>
            </param>
          </params>
          <exception class="org.openqa.selenium.TimeoutException">
            <message>
              <![CDATA[Expected condition failed: waiting for visibility of element located by By.xpath: /html/body/section[2]/div/div/div[1]/div[1]/div[2]/div/ul/li[4]/a (tried for 10 second(s) with 500 milliseconds interval)
Build info: version: '4.29.0', revision: '5fc1ec94cb'
System info: os.name: 'Windows 11', os.arch: 'amd64', os.version: '10.0', java.version: '22.0.2'
Driver info: org.openqa.selenium.chrome.ChromeDriver
Capabilities {acceptInsecureCerts: false, browserName: chrome, browserVersion: 134.0.6998.117, chrome: {chromedriverVersion: 134.0.6998.90 (219ee74681fc..., userDataDir: C:\Users\ASUS\AppData\Local...}, fedcm:accounts: true, goog:chromeOptions: {debuggerAddress: localhost:54630}, networkConnectionEnabled: false, pageLoadStrategy: normal, platformName: windows, proxy: Proxy(), se:cdp: ws://localhost:54630/devtoo..., se:cdpVersion: 134.0.6998.117, setWindowRect: true, strictFileInteractability: false, timeouts: {implicit: 0, pageLoad: 300000, script: 30000}, unhandledPromptBehavior: dismiss and notify, webauthn:extension:credBlob: true, webauthn:extension:largeBlob: true, webauthn:extension:minPinLength: true, webauthn:extension:prf: true, webauthn:virtualAuthenticators: true}
Session ID: 88f28fc16decd2bd1babe82820c29f3c]]>
            </message>
            <full-stacktrace>
              <![CDATA[org.openqa.selenium.TimeoutException: Expected condition failed: waiting for visibility of element located by By.xpath: /html/body/section[2]/div/div/div[1]/div[1]/div[2]/div/ul/li[4]/a (tried for 10 second(s) with 500 milliseconds interval)
Build info: version: '4.29.0', revision: '5fc1ec94cb'
System info: os.name: 'Windows 11', os.arch: 'amd64', os.version: '10.0', java.version: '22.0.2'
Driver info: org.openqa.selenium.chrome.ChromeDriver
Capabilities {acceptInsecureCerts: false, browserName: chrome, browserVersion: 134.0.6998.117, chrome: {chromedriverVersion: 134.0.6998.90 (219ee74681fc..., userDataDir: C:\Users\ASUS\AppData\Local...}, fedcm:accounts: true, goog:chromeOptions: {debuggerAddress: localhost:54630}, networkConnectionEnabled: false, pageLoadStrategy: normal, platformName: windows, proxy: Proxy(), se:cdp: ws://localhost:54630/devtoo..., se:cdpVersion: 134.0.6998.117, setWindowRect: true, strictFileInteractability: false, timeouts: {implicit: 0, pageLoad: 300000, script: 30000}, unhandledPromptBehavior: dismiss and notify, webauthn:extension:credBlob: true, webauthn:extension:largeBlob: true, webauthn:extension:minPinLength: true, webauthn:extension:prf: true, webauthn:virtualAuthenticators: true}
Session ID: 88f28fc16decd2bd1babe82820c29f3c
at org.openqa.selenium.support.ui.WebDriverWait.timeoutException(WebDriverWait.java:84)
at org.openqa.selenium.support.ui.FluentWait.until(FluentWait.java:228)
at com.ecommerce.pages.CategoriesAndBrandPage.isBrandSectionVisible(CategoriesAndBrandPage.java:234)
at com.ecommerce.stepDefinitions.CategoriesAndBrandSteps.user_should_verify_brands_section_is_visible(CategoriesAndBrandSteps.java:200)
at ✽.User should verify that brands are visible on the left sidebar(file:///C:/Users/ASUS/eclipse-workspace/PROJECT/EcommerceAutomation/src/test/resources/features/CategoriesAndBrand.feature:42)
]]>
            </full-stacktrace>
          </exception> <!-- org.openqa.selenium.TimeoutException -->
          <reporter-output>
          </reporter-output>
        </test-method> <!-- runScenario -->
        <test-method is-config="true" signature="tearDownClass()[pri:0, instance:com.ecommerce.runners.CategoriesAndBrandTestRunner@3cd3e762]" started-at="2025-03-21T19:25:39 IST" name="tearDownClass" finished-at="2025-03-21T19:25:39 IST" duration-ms="28" status="PASS">
          <reporter-output>
          </reporter-output>
        </test-method> <!-- tearDownClass -->
      </class> <!-- com.ecommerce.runners.CategoriesAndBrandTestRunner -->
    </test> <!-- Step 5 - Categories and Brand Actions -->
    <test started-at="2025-03-21T19:25:39 IST" name="Step 6 - Checkout Actions" finished-at="2025-03-21T19:27:36 IST" duration-ms="116673">
      <class name="com.ecommerce.runners.CheckoutTestRunner">
        <test-method is-config="true" signature="setUpClass(org.testng.ITestContext)[pri:0, instance:com.ecommerce.runners.CheckoutTestRunner@6ed3ccb2]" started-at="2025-03-21T19:25:39 IST" name="setUpClass" finished-at="2025-03-21T19:25:39 IST" duration-ms="25" status="PASS">
          <params>
            <param index="0">
              <value>
                <![CDATA[org.testng.TestRunner@5b132063]]>
              </value>
            </param>
          </params>
          <reporter-output>
          </reporter-output>
        </test-method> <!-- setUpClass -->
        <test-method signature="runScenario(io.cucumber.testng.PickleWrapper,io.cucumber.testng.FeatureWrapper)[pri:0, instance:com.ecommerce.runners.CheckoutTestRunner@6ed3ccb2]" started-at="2025-03-21T19:25:39 IST" name="runScenario" description="Runs Cucumber Scenarios" data-provider="scenarios" finished-at="2025-03-21T19:26:05 IST" duration-ms="26177" status="PASS">
          <params>
            <param index="0">
              <value>
                <![CDATA["Place Order - Login Before Checkout # TC 16"]]>
              </value>
            </param>
            <param index="1">
              <value>
                <![CDATA["Order and Checkout"]]>
              </value>
            </param>
          </params>
          <reporter-output>
          </reporter-output>
        </test-method> <!-- runScenario -->
        <test-method signature="runScenario(io.cucumber.testng.PickleWrapper,io.cucumber.testng.FeatureWrapper)[pri:0, instance:com.ecommerce.runners.CheckoutTestRunner@6ed3ccb2]" started-at="2025-03-21T19:26:05 IST" name="runScenario" description="Runs Cucumber Scenarios" data-provider="scenarios" finished-at="2025-03-21T19:26:35 IST" duration-ms="29469" status="FAIL">
          <params>
            <param index="0">
              <value>
                <![CDATA["Place Order - Register While Checkout # TC 14"]]>
              </value>
            </param>
            <param index="1">
              <value>
                <![CDATA["Order and Checkout"]]>
              </value>
            </param>
          </params>
          <exception class="org.openqa.selenium.ElementClickInterceptedException">
            <message>
              <![CDATA[element click intercepted: Element <button type="submit" data-qa="create-account" class="btn btn-default">...</button> is not clickable at point (359, 544). Other element would receive the click: <input type="email" id="susbscribe_email" required="" placeholder="Your email address">
  (Session info: chrome=134.0.6998.117)
Build info: version: '4.29.0', revision: '5fc1ec94cb'
System info: os.name: 'Windows 11', os.arch: 'amd64', os.version: '10.0', java.version: '22.0.2'
Driver info: org.openqa.selenium.chrome.ChromeDriver
Command: [44ddbde245c3dc4546c8bd7e9b674624, clickElement {id=f.56F641D13273A67E827E39C1AC4ACF60.d.76BD354EFE2D7D111EE0CACA2D114B15.e.186}]
Capabilities {acceptInsecureCerts: false, browserName: chrome, browserVersion: 134.0.6998.117, chrome: {chromedriverVersion: 134.0.6998.90 (219ee74681fc..., userDataDir: C:\Users\ASUS\AppData\Local...}, fedcm:accounts: true, goog:chromeOptions: {debuggerAddress: localhost:54772}, networkConnectionEnabled: false, pageLoadStrategy: normal, platformName: windows, proxy: Proxy(), se:cdp: ws://localhost:54772/devtoo..., se:cdpVersion: 134.0.6998.117, setWindowRect: true, strictFileInteractability: false, timeouts: {implicit: 0, pageLoad: 300000, script: 30000}, unhandledPromptBehavior: dismiss and notify, webauthn:extension:credBlob: true, webauthn:extension:largeBlob: true, webauthn:extension:minPinLength: true, webauthn:extension:prf: true, webauthn:virtualAuthenticators: true}
Element: [[ChromeDriver: chrome on windows (44ddbde245c3dc4546c8bd7e9b674624)] -> xpath: //button[@data-qa='create-account']]
Session ID: 44ddbde245c3dc4546c8bd7e9b674624]]>
            </message>
            <full-stacktrace>
              <![CDATA[org.openqa.selenium.ElementClickInterceptedException: element click intercepted: Element <button type="submit" data-qa="create-account" class="btn btn-default">...</button> is not clickable at point (359, 544). Other element would receive the click: <input type="email" id="susbscribe_email" required="" placeholder="Your email address">
  (Session info: chrome=134.0.6998.117)
Build info: version: '4.29.0', revision: '5fc1ec94cb'
System info: os.name: 'Windows 11', os.arch: 'amd64', os.version: '10.0', java.version: '22.0.2'
Driver info: org.openqa.selenium.chrome.ChromeDriver
Command: [44ddbde245c3dc4546c8bd7e9b674624, clickElement {id=f.56F641D13273A67E827E39C1AC4ACF60.d.76BD354EFE2D7D111EE0CACA2D114B15.e.186}]
Capabilities {acceptInsecureCerts: false, browserName: chrome, browserVersion: 134.0.6998.117, chrome: {chromedriverVersion: 134.0.6998.90 (219ee74681fc..., userDataDir: C:\Users\ASUS\AppData\Local...}, fedcm:accounts: true, goog:chromeOptions: {debuggerAddress: localhost:54772}, networkConnectionEnabled: false, pageLoadStrategy: normal, platformName: windows, proxy: Proxy(), se:cdp: ws://localhost:54772/devtoo..., se:cdpVersion: 134.0.6998.117, setWindowRect: true, strictFileInteractability: false, timeouts: {implicit: 0, pageLoad: 300000, script: 30000}, unhandledPromptBehavior: dismiss and notify, webauthn:extension:credBlob: true, webauthn:extension:largeBlob: true, webauthn:extension:minPinLength: true, webauthn:extension:prf: true, webauthn:virtualAuthenticators: true}
Element: [[ChromeDriver: chrome on windows (44ddbde245c3dc4546c8bd7e9b674624)] -> xpath: //button[@data-qa='create-account']]
Session ID: 44ddbde245c3dc4546c8bd7e9b674624
at java.base/jdk.internal.reflect.DirectConstructorHandleAccessor.newInstance(DirectConstructorHandleAccessor.java:62)
at java.base/java.lang.reflect.Constructor.newInstanceWithCaller(Constructor.java:502)
at java.base/java.lang.reflect.Constructor.newInstance(Constructor.java:486)
at org.openqa.selenium.remote.ErrorCodec.decode(ErrorCodec.java:167)
at org.openqa.selenium.remote.codec.w3c.W3CHttpResponseCodec.decode(W3CHttpResponseCodec.java:138)
at org.openqa.selenium.remote.codec.w3c.W3CHttpResponseCodec.decode(W3CHttpResponseCodec.java:50)
at org.openqa.selenium.remote.HttpCommandExecutor.execute(HttpCommandExecutor.java:215)
at org.openqa.selenium.remote.service.DriverCommandExecutor.invokeExecute(DriverCommandExecutor.java:216)
at org.openqa.selenium.remote.service.DriverCommandExecutor.execute(DriverCommandExecutor.java:174)
at org.openqa.selenium.remote.RemoteWebDriver.execute(RemoteWebDriver.java:545)
at org.openqa.selenium.remote.RemoteWebElement.execute(RemoteWebElement.java:223)
at org.openqa.selenium.remote.RemoteWebElement.click(RemoteWebElement.java:76)
at com.ecommerce.pages.CheckoutPage.clickCreateAccountButton(CheckoutPage.java:153)
at com.ecommerce.stepDefinitions.CheckoutSteps.user_fills_all_details_in_signup(CheckoutSteps.java:158)
at ✽.User fills all details in Signup and creates an account(file:///C:/Users/ASUS/eclipse-workspace/PROJECT/EcommerceAutomation/src/test/resources/features/Checkout.feature:30)
]]>
            </full-stacktrace>
          </exception> <!-- org.openqa.selenium.ElementClickInterceptedException -->
          <reporter-output>
          </reporter-output>
        </test-method> <!-- runScenario -->
        <test-method signature="runScenario(io.cucumber.testng.PickleWrapper,io.cucumber.testng.FeatureWrapper)[pri:0, instance:com.ecommerce.runners.CheckoutTestRunner@6ed3ccb2]" started-at="2025-03-21T19:26:35 IST" name="runScenario" description="Runs Cucumber Scenarios" data-provider="scenarios" finished-at="2025-03-21T19:27:08 IST" duration-ms="32973" status="PASS">
          <params>
            <param index="0">
              <value>
                <![CDATA["Place Order - Register Before Checkout # TC 15"]]>
              </value>
            </param>
            <param index="1">
              <value>
                <![CDATA["Order and Checkout"]]>
              </value>
            </param>
          </params>
          <reporter-output>
          </reporter-output>
        </test-method> <!-- runScenario -->
        <test-method signature="runScenario(io.cucumber.testng.PickleWrapper,io.cucumber.testng.FeatureWrapper)[pri:0, instance:com.ecommerce.runners.CheckoutTestRunner@6ed3ccb2]" started-at="2025-03-21T19:27:08 IST" name="runScenario" description="Runs Cucumber Scenarios" data-provider="scenarios" finished-at="2025-03-21T19:27:28 IST" duration-ms="20967" status="FAIL">
          <params>
            <param index="0">
              <value>
                <![CDATA["Verify Address Details in Checkout Page # TC 23"]]>
              </value>
            </param>
            <param index="1">
              <value>
                <![CDATA["Order and Checkout"]]>
              </value>
            </param>
          </params>
          <exception class="org.openqa.selenium.ElementClickInterceptedException">
            <message>
              <![CDATA[element click intercepted: Element <a href="/product_details/1" style="color: brown;">...</a> is not clickable at point (625, 648). Other element would receive the click: <iframe id="aswift_1" name="aswift_1" browsingtopics="true" style="width: 728px !important; height: 90px !important; display: block; margin: 0px auto;" sandbox="allow-forms allow-popups allow-popups-to-escape-sandbox allow-same-origin allow-scripts allow-top-navigation-by-user-activation" width="728" height="90" frameborder="0" marginwidth="0" marginheight="0" vspace="0" hspace="0" allowtransparency="true" scrolling="no" allow="attribution-reporting; run-ad-auction" src="https://googleads.g.doubleclick.net/pagead/html/r20250319/r20190131/zrt_lookup_fy2021.html#RS-0-&amp;adk=1812271801&amp;client=ca-pub-1677597403311019&amp;fa=1&amp;ifi=2&amp;uci=a!2&amp;btvi=1" data-google-container-id="a!2" tabindex="0" title="Advertisement" aria-label="Advertisement" data-google-query-id="CIK-25Kqm4wDFfrxTAId1H8MUw" data-load-complete="true"></iframe>
  (Session info: chrome=134.0.6998.117)
Build info: version: '4.29.0', revision: '5fc1ec94cb'
System info: os.name: 'Windows 11', os.arch: 'amd64', os.version: '10.0', java.version: '22.0.2'
Driver info: org.openqa.selenium.chrome.ChromeDriver
Command: [7b4c0f3e71f307c897c5b6ac3df4e589, clickElement {id=f.6650986C5FDAF5AB724FB4AE63EB18EF.d.663644E9EC3740729BD849A4FEA3055B.e.128}]
Capabilities {acceptInsecureCerts: false, browserName: chrome, browserVersion: 134.0.6998.117, chrome: {chromedriverVersion: 134.0.6998.90 (219ee74681fc..., userDataDir: C:\Users\ASUS\AppData\Local...}, fedcm:accounts: true, goog:chromeOptions: {debuggerAddress: localhost:54993}, networkConnectionEnabled: false, pageLoadStrategy: normal, platformName: windows, proxy: Proxy(), se:cdp: ws://localhost:54993/devtoo..., se:cdpVersion: 134.0.6998.117, setWindowRect: true, strictFileInteractability: false, timeouts: {implicit: 0, pageLoad: 300000, script: 30000}, unhandledPromptBehavior: dismiss and notify, webauthn:extension:credBlob: true, webauthn:extension:largeBlob: true, webauthn:extension:minPinLength: true, webauthn:extension:prf: true, webauthn:virtualAuthenticators: true}
Element: [[ChromeDriver: chrome on windows (7b4c0f3e71f307c897c5b6ac3df4e589)] -> xpath: /html/body/section[2]/div/div/div[2]/div[1]/div[2]/div/div[2]/ul/li/a]
Session ID: 7b4c0f3e71f307c897c5b6ac3df4e589]]>
            </message>
            <full-stacktrace>
              <![CDATA[org.openqa.selenium.ElementClickInterceptedException: element click intercepted: Element <a href="/product_details/1" style="color: brown;">...</a> is not clickable at point (625, 648). Other element would receive the click: <iframe id="aswift_1" name="aswift_1" browsingtopics="true" style="width: 728px !important; height: 90px !important; display: block; margin: 0px auto;" sandbox="allow-forms allow-popups allow-popups-to-escape-sandbox allow-same-origin allow-scripts allow-top-navigation-by-user-activation" width="728" height="90" frameborder="0" marginwidth="0" marginheight="0" vspace="0" hspace="0" allowtransparency="true" scrolling="no" allow="attribution-reporting; run-ad-auction" src="https://googleads.g.doubleclick.net/pagead/html/r20250319/r20190131/zrt_lookup_fy2021.html#RS-0-&amp;adk=1812271801&amp;client=ca-pub-1677597403311019&amp;fa=1&amp;ifi=2&amp;uci=a!2&amp;btvi=1" data-google-container-id="a!2" tabindex="0" title="Advertisement" aria-label="Advertisement" data-google-query-id="CIK-25Kqm4wDFfrxTAId1H8MUw" data-load-complete="true"></iframe>
  (Session info: chrome=134.0.6998.117)
Build info: version: '4.29.0', revision: '5fc1ec94cb'
System info: os.name: 'Windows 11', os.arch: 'amd64', os.version: '10.0', java.version: '22.0.2'
Driver info: org.openqa.selenium.chrome.ChromeDriver
Command: [7b4c0f3e71f307c897c5b6ac3df4e589, clickElement {id=f.6650986C5FDAF5AB724FB4AE63EB18EF.d.663644E9EC3740729BD849A4FEA3055B.e.128}]
Capabilities {acceptInsecureCerts: false, browserName: chrome, browserVersion: 134.0.6998.117, chrome: {chromedriverVersion: 134.0.6998.90 (219ee74681fc..., userDataDir: C:\Users\ASUS\AppData\Local...}, fedcm:accounts: true, goog:chromeOptions: {debuggerAddress: localhost:54993}, networkConnectionEnabled: false, pageLoadStrategy: normal, platformName: windows, proxy: Proxy(), se:cdp: ws://localhost:54993/devtoo..., se:cdpVersion: 134.0.6998.117, setWindowRect: true, strictFileInteractability: false, timeouts: {implicit: 0, pageLoad: 300000, script: 30000}, unhandledPromptBehavior: dismiss and notify, webauthn:extension:credBlob: true, webauthn:extension:largeBlob: true, webauthn:extension:minPinLength: true, webauthn:extension:prf: true, webauthn:virtualAuthenticators: true}
Element: [[ChromeDriver: chrome on windows (7b4c0f3e71f307c897c5b6ac3df4e589)] -> xpath: /html/body/section[2]/div/div/div[2]/div[1]/div[2]/div/div[2]/ul/li/a]
Session ID: 7b4c0f3e71f307c897c5b6ac3df4e589
at java.base/jdk.internal.reflect.DirectConstructorHandleAccessor.newInstance(DirectConstructorHandleAccessor.java:62)
at java.base/java.lang.reflect.Constructor.newInstanceWithCaller(Constructor.java:502)
at java.base/java.lang.reflect.Constructor.newInstance(Constructor.java:486)
at org.openqa.selenium.remote.ErrorCodec.decode(ErrorCodec.java:167)
at org.openqa.selenium.remote.codec.w3c.W3CHttpResponseCodec.decode(W3CHttpResponseCodec.java:138)
at org.openqa.selenium.remote.codec.w3c.W3CHttpResponseCodec.decode(W3CHttpResponseCodec.java:50)
at org.openqa.selenium.remote.HttpCommandExecutor.execute(HttpCommandExecutor.java:215)
at org.openqa.selenium.remote.service.DriverCommandExecutor.invokeExecute(DriverCommandExecutor.java:216)
at org.openqa.selenium.remote.service.DriverCommandExecutor.execute(DriverCommandExecutor.java:174)
at org.openqa.selenium.remote.RemoteWebDriver.execute(RemoteWebDriver.java:545)
at org.openqa.selenium.remote.RemoteWebElement.execute(RemoteWebElement.java:223)
at org.openqa.selenium.remote.RemoteWebElement.click(RemoteWebElement.java:76)
at com.ecommerce.pages.CheckoutPage.scrollToFirstProductAndClickView(CheckoutPage.java:241)
at com.ecommerce.stepDefinitions.CheckoutSteps.user_scrolls_to_first_product_and_click(CheckoutSteps.java:354)
at ✽.User scrolls to the first product and click "View Product"(file:///C:/Users/ASUS/eclipse-workspace/PROJECT/EcommerceAutomation/src/test/resources/features/Checkout.feature:70)
]]>
            </full-stacktrace>
          </exception> <!-- org.openqa.selenium.ElementClickInterceptedException -->
          <reporter-output>
          </reporter-output>
        </test-method> <!-- runScenario -->
        <test-method signature="runScenario(io.cucumber.testng.PickleWrapper,io.cucumber.testng.FeatureWrapper)[pri:0, instance:com.ecommerce.runners.CheckoutTestRunner@6ed3ccb2]" started-at="2025-03-21T19:27:28 IST" name="runScenario" description="Runs Cucumber Scenarios" data-provider="scenarios" finished-at="2025-03-21T19:27:36 IST" duration-ms="7019" status="FAIL">
          <params>
            <param index="0">
              <value>
                <![CDATA["Download Invoice after Purchase Order # TC 24"]]>
              </value>
            </param>
            <param index="1">
              <value>
                <![CDATA["Order and Checkout"]]>
              </value>
            </param>
          </params>
          <exception class="org.openqa.selenium.ElementClickInterceptedException">
            <message>
              <![CDATA[element click intercepted: Element <a href="/product_details/1" style="color: brown;">...</a> is not clickable at point (625, 641). Other element would receive the click: <iframe id="aswift_6" name="aswift_6" browsingtopics="true" style="width: 1005px !important; height: 124px !important; display: block; margin: 0px auto;" sandbox="allow-forms allow-popups allow-popups-to-escape-sandbox allow-same-origin allow-scripts allow-top-navigation-by-user-activation" width="1005" height="124" frameborder="0" marginwidth="0" marginheight="0" vspace="0" hspace="0" allowtransparency="true" scrolling="no" allow="attribution-reporting; run-ad-auction" src="https://googleads.g.doubleclick.net/pagead/html/r20250319/r20190131/zrt_lookup_fy2021.html#RS-0-&amp;adk=1812271801&amp;client=ca-pub-1677597403311019&amp;fa=1&amp;ifi=7&amp;uci=a!7&amp;btvi=2" data-google-container-id="a!7" tabindex="0" title="Advertisement" aria-label="Advertisement" data-google-query-id="COaEi5aqm4wDFbWgrAIdpC8PtQ" data-load-complete="true"></iframe>
  (Session info: chrome=134.0.6998.117)
Build info: version: '4.29.0', revision: '5fc1ec94cb'
System info: os.name: 'Windows 11', os.arch: 'amd64', os.version: '10.0', java.version: '22.0.2'
Driver info: org.openqa.selenium.chrome.ChromeDriver
Command: [a3cd295a3429b97fa9c649ab3f5aa903, clickElement {id=f.D8F90CCF1D6A25E80E968BDC4D4F63FF.d.B49962C297F780EE690257A94B7CCDF0.e.36}]
Capabilities {acceptInsecureCerts: false, browserName: chrome, browserVersion: 134.0.6998.117, chrome: {chromedriverVersion: 134.0.6998.90 (219ee74681fc..., userDataDir: C:\Users\ASUS\AppData\Local...}, fedcm:accounts: true, goog:chromeOptions: {debuggerAddress: localhost:55086}, networkConnectionEnabled: false, pageLoadStrategy: normal, platformName: windows, proxy: Proxy(), se:cdp: ws://localhost:55086/devtoo..., se:cdpVersion: 134.0.6998.117, setWindowRect: true, strictFileInteractability: false, timeouts: {implicit: 0, pageLoad: 300000, script: 30000}, unhandledPromptBehavior: dismiss and notify, webauthn:extension:credBlob: true, webauthn:extension:largeBlob: true, webauthn:extension:minPinLength: true, webauthn:extension:prf: true, webauthn:virtualAuthenticators: true}
Element: [[ChromeDriver: chrome on windows (a3cd295a3429b97fa9c649ab3f5aa903)] -> xpath: /html/body/section[2]/div/div/div[2]/div[1]/div[2]/div/div[2]/ul/li/a]
Session ID: a3cd295a3429b97fa9c649ab3f5aa903]]>
            </message>
            <full-stacktrace>
              <![CDATA[org.openqa.selenium.ElementClickInterceptedException: element click intercepted: Element <a href="/product_details/1" style="color: brown;">...</a> is not clickable at point (625, 641). Other element would receive the click: <iframe id="aswift_6" name="aswift_6" browsingtopics="true" style="width: 1005px !important; height: 124px !important; display: block; margin: 0px auto;" sandbox="allow-forms allow-popups allow-popups-to-escape-sandbox allow-same-origin allow-scripts allow-top-navigation-by-user-activation" width="1005" height="124" frameborder="0" marginwidth="0" marginheight="0" vspace="0" hspace="0" allowtransparency="true" scrolling="no" allow="attribution-reporting; run-ad-auction" src="https://googleads.g.doubleclick.net/pagead/html/r20250319/r20190131/zrt_lookup_fy2021.html#RS-0-&amp;adk=1812271801&amp;client=ca-pub-1677597403311019&amp;fa=1&amp;ifi=7&amp;uci=a!7&amp;btvi=2" data-google-container-id="a!7" tabindex="0" title="Advertisement" aria-label="Advertisement" data-google-query-id="COaEi5aqm4wDFbWgrAIdpC8PtQ" data-load-complete="true"></iframe>
  (Session info: chrome=134.0.6998.117)
Build info: version: '4.29.0', revision: '5fc1ec94cb'
System info: os.name: 'Windows 11', os.arch: 'amd64', os.version: '10.0', java.version: '22.0.2'
Driver info: org.openqa.selenium.chrome.ChromeDriver
Command: [a3cd295a3429b97fa9c649ab3f5aa903, clickElement {id=f.D8F90CCF1D6A25E80E968BDC4D4F63FF.d.B49962C297F780EE690257A94B7CCDF0.e.36}]
Capabilities {acceptInsecureCerts: false, browserName: chrome, browserVersion: 134.0.6998.117, chrome: {chromedriverVersion: 134.0.6998.90 (219ee74681fc..., userDataDir: C:\Users\ASUS\AppData\Local...}, fedcm:accounts: true, goog:chromeOptions: {debuggerAddress: localhost:55086}, networkConnectionEnabled: false, pageLoadStrategy: normal, platformName: windows, proxy: Proxy(), se:cdp: ws://localhost:55086/devtoo..., se:cdpVersion: 134.0.6998.117, setWindowRect: true, strictFileInteractability: false, timeouts: {implicit: 0, pageLoad: 300000, script: 30000}, unhandledPromptBehavior: dismiss and notify, webauthn:extension:credBlob: true, webauthn:extension:largeBlob: true, webauthn:extension:minPinLength: true, webauthn:extension:prf: true, webauthn:virtualAuthenticators: true}
Element: [[ChromeDriver: chrome on windows (a3cd295a3429b97fa9c649ab3f5aa903)] -> xpath: /html/body/section[2]/div/div/div[2]/div[1]/div[2]/div/div[2]/ul/li/a]
Session ID: a3cd295a3429b97fa9c649ab3f5aa903
at java.base/jdk.internal.reflect.DirectConstructorHandleAccessor.newInstance(DirectConstructorHandleAccessor.java:62)
at java.base/java.lang.reflect.Constructor.newInstanceWithCaller(Constructor.java:502)
at java.base/java.lang.reflect.Constructor.newInstance(Constructor.java:486)
at org.openqa.selenium.remote.ErrorCodec.decode(ErrorCodec.java:167)
at org.openqa.selenium.remote.codec.w3c.W3CHttpResponseCodec.decode(W3CHttpResponseCodec.java:138)
at org.openqa.selenium.remote.codec.w3c.W3CHttpResponseCodec.decode(W3CHttpResponseCodec.java:50)
at org.openqa.selenium.remote.HttpCommandExecutor.execute(HttpCommandExecutor.java:215)
at org.openqa.selenium.remote.service.DriverCommandExecutor.invokeExecute(DriverCommandExecutor.java:216)
at org.openqa.selenium.remote.service.DriverCommandExecutor.execute(DriverCommandExecutor.java:174)
at org.openqa.selenium.remote.RemoteWebDriver.execute(RemoteWebDriver.java:545)
at org.openqa.selenium.remote.RemoteWebElement.execute(RemoteWebElement.java:223)
at org.openqa.selenium.remote.RemoteWebElement.click(RemoteWebElement.java:76)
at com.ecommerce.pages.CheckoutPage.scrollToFirstProductAndClickView(CheckoutPage.java:241)
at com.ecommerce.stepDefinitions.CheckoutSteps.user_adds_products_to_cart1(CheckoutSteps.java:399)
at ✽.User adds products to the cart from home(file:///C:/Users/ASUS/eclipse-workspace/PROJECT/EcommerceAutomation/src/test/resources/features/Checkout.feature:81)
]]>
            </full-stacktrace>
          </exception> <!-- org.openqa.selenium.ElementClickInterceptedException -->
          <reporter-output>
          </reporter-output>
        </test-method> <!-- runScenario -->
        <test-method is-config="true" signature="tearDownClass()[pri:0, instance:com.ecommerce.runners.CheckoutTestRunner@6ed3ccb2]" started-at="2025-03-21T19:27:36 IST" name="tearDownClass" finished-at="2025-03-21T19:27:36 IST" duration-ms="29" status="PASS">
          <reporter-output>
          </reporter-output>
        </test-method> <!-- tearDownClass -->
      </class> <!-- com.ecommerce.runners.CheckoutTestRunner -->
    </test> <!-- Step 6 - Checkout Actions -->
  </suite> <!-- AutomationSuite -->
</testng-results>
